[debug] [2023-03-27T23:26:51.452Z] ----------------------------------------------------------------------
[debug] [2023-03-27T23:26:51.458Z] Command:       /home/glen/.nvm/versions/node/v19.7.0/bin/node /home/glen/.nvm/versions/node/v19.7.0/bin/firebase init
[debug] [2023-03-27T23:26:51.459Z] CLI Version:   11.25.1
[debug] [2023-03-27T23:26:51.460Z] Platform:      linux
[debug] [2023-03-27T23:26:51.460Z] Node Version:  v19.7.0
[debug] [2023-03-27T23:26:51.461Z] Time:          Tue Mar 28 2023 02:26:51 GMT+0300 (East Africa Time)
[debug] [2023-03-27T23:26:51.461Z] ----------------------------------------------------------------------
[debug] 
[debug] [2023-03-27T23:26:51.491Z] > command requires scopes: ["email","openid","https://www.googleapis.com/auth/cloudplatformprojects.readonly","https://www.googleapis.com/auth/firebase","https://www.googleapis.com/auth/cloud-platform"]
[debug] [2023-03-27T23:26:51.492Z] > authorizing via signed-in user (glen.nyandiri@students.kyu.ac.ke)
[info] 
     ######## #### ########  ######## ########     ###     ######  ########
     ##        ##  ##     ## ##       ##     ##  ##   ##  ##       ##
     ######    ##  ########  ######   ########  #########  ######  ######
     ##        ##  ##    ##  ##       ##     ## ##     ##       ## ##
     ##       #### ##     ## ######## ########  ##     ##  ######  ########

You're about to initialize a Firebase project in this directory:

  /home/glen/Desktop/backEnd/ecomBackEnd

[info] 
=== Project Setup
[info] 
[info] First, let's associate this project directory with a Firebase project.
[info] You can create multiple project aliases by running firebase use --add, 
[info] but for now we'll just set up a default project.
[info] 
[info] i  If you want to create a project in a Google Cloud organization or folder, please use "firebase projects:create" instead, and return to this command when you've created the project. 
[debug] [2023-03-27T23:28:12.777Z] >>> [apiv2][query] POST https://cloudresourcemanager.googleapis.com/v1/projects [none]
[debug] [2023-03-27T23:28:12.779Z] >>> [apiv2][body] POST https://cloudresourcemanager.googleapis.com/v1/projects {"projectId":"comradesBizApi","name":"comradesBizApi"}
[debug] [2023-03-27T23:28:14.837Z] <<< [apiv2][status] POST https://cloudresourcemanager.googleapis.com/v1/projects 400
[debug] [2023-03-27T23:28:14.838Z] <<< [apiv2][body] POST https://cloudresourcemanager.googleapis.com/v1/projects {"error":{"code":400,"message":"field [project_id] has issue [project_id contains invalid characters]","status":"INVALID_ARGUMENT","details":[{"@type":"type.googleapis.com/google.rpc.BadRequest","fieldViolations":[{"field":"project_id","description":"project_id contains invalid characters"}]},{"@type":"type.googleapis.com/google.rpc.Help","links":[{"url":"https://cloud.google.com/resource-manager/reference/rest/v1/projects"}]}]}}
[debug] [2023-03-27T23:28:15.434Z] FirebaseError: HTTP Error: 400, field [project_id] has issue [project_id contains invalid characters]
    at responseToError (/home/glen/.nvm/versions/node/v19.7.0/lib/node_modules/firebase-tools/lib/responseToError.js:49:12)
    at RetryOperation._fn (/home/glen/.nvm/versions/node/v19.7.0/lib/node_modules/firebase-tools/lib/apiv2.js:288:77)
    at process.processTicksAndRejections (node:internal/process/task_queues:95:5)
[error] 
[error] Error: Failed to create project. See firebase-debug.log for more info.
[debug] [2023-03-27T23:28:38.736Z] ----------------------------------------------------------------------
[debug] [2023-03-27T23:28:38.741Z] Command:       /home/glen/.nvm/versions/node/v19.7.0/bin/node /home/glen/.nvm/versions/node/v19.7.0/bin/firebase init
[debug] [2023-03-27T23:28:38.742Z] CLI Version:   11.25.1
[debug] [2023-03-27T23:28:38.743Z] Platform:      linux
[debug] [2023-03-27T23:28:38.743Z] Node Version:  v19.7.0
[debug] [2023-03-27T23:28:38.743Z] Time:          Tue Mar 28 2023 02:28:38 GMT+0300 (East Africa Time)
[debug] [2023-03-27T23:28:38.744Z] ----------------------------------------------------------------------
[debug] 
[debug] [2023-03-27T23:28:38.771Z] > command requires scopes: ["email","openid","https://www.googleapis.com/auth/cloudplatformprojects.readonly","https://www.googleapis.com/auth/firebase","https://www.googleapis.com/auth/cloud-platform"]
[debug] [2023-03-27T23:28:38.772Z] > authorizing via signed-in user (glen.nyandiri@students.kyu.ac.ke)
[info] 
     ######## #### ########  ######## ########     ###     ######  ########
     ##        ##  ##     ## ##       ##     ##  ##   ##  ##       ##
     ######    ##  ########  ######   ########  #########  ######  ######
     ##        ##  ##    ##  ##       ##     ## ##     ##       ## ##
     ##       #### ##     ## ######## ########  ##     ##  ######  ########

You're about to initialize a Firebase project in this directory:

  /home/glen/Desktop/backEnd/ecomBackEnd

[info] 
=== Project Setup
[info] 
[info] First, let's associate this project directory with a Firebase project.
[info] You can create multiple project aliases by running firebase use --add, 
[info] but for now we'll just set up a default project.
[info] 
[info] i  If you want to create a project in a Google Cloud organization or folder, please use "firebase projects:create" instead, and return to this command when you've created the project. 
[debug] [2023-03-27T23:29:14.836Z] >>> [apiv2][query] POST https://cloudresourcemanager.googleapis.com/v1/projects [none]
[debug] [2023-03-27T23:29:14.837Z] >>> [apiv2][body] POST https://cloudresourcemanager.googleapis.com/v1/projects {"projectId":"comradesbizna","name":"comradesbizna"}
[debug] [2023-03-27T23:29:16.865Z] <<< [apiv2][status] POST https://cloudresourcemanager.googleapis.com/v1/projects 200
[debug] [2023-03-27T23:29:16.871Z] <<< [apiv2][body] POST https://cloudresourcemanager.googleapis.com/v1/projects {"name":"operations/cp.5083015101559388754"}
[debug] [2023-03-27T23:29:16.875Z] >>> [apiv2][query] GET https://cloudresourcemanager.googleapis.com/v1/operations/cp.5083015101559388754 [none]
[debug] [2023-03-27T23:29:18.512Z] <<< [apiv2][status] GET https://cloudresourcemanager.googleapis.com/v1/operations/cp.5083015101559388754 200
[debug] [2023-03-27T23:29:18.513Z] <<< [apiv2][body] GET https://cloudresourcemanager.googleapis.com/v1/operations/cp.5083015101559388754 {"name":"operations/cp.5083015101559388754"}
[debug] [2023-03-27T23:29:19.015Z] [Project Creation Poller] Retrying task index 0
[debug] [2023-03-27T23:29:19.016Z] >>> [apiv2][query] GET https://cloudresourcemanager.googleapis.com/v1/operations/cp.5083015101559388754 [none]
[debug] [2023-03-27T23:29:19.640Z] <<< [apiv2][status] GET https://cloudresourcemanager.googleapis.com/v1/operations/cp.5083015101559388754 200
[debug] [2023-03-27T23:29:19.641Z] <<< [apiv2][body] GET https://cloudresourcemanager.googleapis.com/v1/operations/cp.5083015101559388754 {"name":"operations/cp.5083015101559388754","metadata":{"@type":"type.googleapis.com/google.cloudresourcemanager.v1.ProjectCreationStatus","gettable":true}}
[debug] [2023-03-27T23:29:20.644Z] [Project Creation Poller] Retrying task index 0
[debug] [2023-03-27T23:29:20.647Z] >>> [apiv2][query] GET https://cloudresourcemanager.googleapis.com/v1/operations/cp.5083015101559388754 [none]
[debug] [2023-03-27T23:29:21.279Z] <<< [apiv2][status] GET https://cloudresourcemanager.googleapis.com/v1/operations/cp.5083015101559388754 200
[debug] [2023-03-27T23:29:21.280Z] <<< [apiv2][body] GET https://cloudresourcemanager.googleapis.com/v1/operations/cp.5083015101559388754 {"name":"operations/cp.5083015101559388754","metadata":{"@type":"type.googleapis.com/google.cloudresourcemanager.v1.ProjectCreationStatus","gettable":true,"ready":true},"done":true,"response":{"@type":"type.googleapis.com/google.cloudresourcemanager.v1.Project","projectNumber":"198838424092","projectId":"comradesbizna","lifecycleState":"ACTIVE","name":"comradesbizna","createTime":"2023-03-27T23:29:18.476Z","parent":{"type":"organization","id":"1062430638551"}}}
[debug] [2023-03-27T23:29:21.286Z] >>> [apiv2][query] POST https://firebase.googleapis.com/v1beta1/projects/comradesbizna:addFirebase [none]
[debug] [2023-03-27T23:29:22.814Z] <<< [apiv2][status] POST https://firebase.googleapis.com/v1beta1/projects/comradesbizna:addFirebase 403
[debug] [2023-03-27T23:29:22.814Z] <<< [apiv2][body] POST https://firebase.googleapis.com/v1beta1/projects/comradesbizna:addFirebase {"error":{"code":403,"message":"The caller does not have permission","status":"PERMISSION_DENIED"}}
[debug] [2023-03-27T23:29:22.817Z] HTTP Error: 403, The caller does not have permission
[debug] [2023-03-27T23:29:23.381Z] FirebaseError: HTTP Error: 403, The caller does not have permission
    at responseToError (/home/glen/.nvm/versions/node/v19.7.0/lib/node_modules/firebase-tools/lib/responseToError.js:49:12)
    at RetryOperation._fn (/home/glen/.nvm/versions/node/v19.7.0/lib/node_modules/firebase-tools/lib/apiv2.js:288:77)
    at process.processTicksAndRejections (node:internal/process/task_queues:95:5)
[error] 
[error] Error: Failed to add Firebase to Google Cloud Platform project. See firebase-debug.log for more info.
